<?xml version="1.0" encoding="UTF-8"?>
<testng-results ignored="0" total="4" passed="4" failed="0" skipped="0">
  <reporter-output>
  </reporter-output>
  <suite started-at="2023-07-30T19:00:25 IST" name="Default suite" finished-at="2023-07-30T19:00:50 IST" duration-ms="25112">
    <groups>
    </groups>
    <test started-at="2023-07-30T19:00:25 IST" name="Default test" finished-at="2023-07-30T19:00:50 IST" duration-ms="25112">
      <class name="TestYahoo.LoginTest">
        <test-method is-config="true" signature="setup()[pri:0, instance:TestYahoo.LoginTest@3a93b025]" started-at="2023-07-30T19:00:25 IST" name="setup" finished-at="2023-07-30T19:00:28 IST" duration-ms="2994" status="PASS">
          <reporter-output>
          </reporter-output>
        </test-method> <!-- setup -->
        <test-method signature="SeCo()[pri:0, instance:TestYahoo.LoginTest@3a93b025]" started-at="2023-07-30T19:00:28 IST" name="SeCo" finished-at="2023-07-30T19:00:34 IST" duration-ms="5851" status="PASS">
          <reporter-output>
          </reporter-output>
        </test-method> <!-- SeCo -->
        <test-method is-config="true" signature="end()[pri:0, instance:TestYahoo.LoginTest@3a93b025]" started-at="2023-07-30T19:00:34 IST" name="end" finished-at="2023-07-30T19:00:34 IST" duration-ms="257" status="PASS">
          <reporter-output>
          </reporter-output>
        </test-method> <!-- end -->
        <test-method is-config="true" signature="setup()[pri:0, instance:TestYahoo.LoginTest@3a93b025]" started-at="2023-07-30T19:00:34 IST" name="setup" finished-at="2023-07-30T19:00:36 IST" duration-ms="2507" status="PASS">
          <reporter-output>
          </reporter-output>
        </test-method> <!-- setup -->
        <test-method signature="TandC()[pri:0, instance:TestYahoo.LoginTest@3a93b025]" started-at="2023-07-30T19:00:36 IST" name="TandC" finished-at="2023-07-30T19:00:38 IST" duration-ms="1395" status="PASS">
          <reporter-output>
          </reporter-output>
        </test-method> <!-- TandC -->
        <test-method is-config="true" signature="end()[pri:0, instance:TestYahoo.LoginTest@3a93b025]" started-at="2023-07-30T19:00:38 IST" name="end" finished-at="2023-07-30T19:00:38 IST" duration-ms="269" status="PASS">
          <reporter-output>
          </reporter-output>
        </test-method> <!-- end -->
        <test-method is-config="true" signature="setup()[pri:0, instance:TestYahoo.LoginTest@3a93b025]" started-at="2023-07-30T19:00:38 IST" name="setup" finished-at="2023-07-30T19:00:41 IST" duration-ms="2615" status="PASS">
          <reporter-output>
          </reporter-output>
        </test-method> <!-- setup -->
        <test-method signature="enterDetails()[pri:0, instance:TestYahoo.LoginTest@3a93b025]" started-at="2023-07-30T19:00:41 IST" name="enterDetails" finished-at="2023-07-30T19:00:43 IST" duration-ms="2722" status="PASS">
          <reporter-output>
          </reporter-output>
        </test-method> <!-- enterDetails -->
        <test-method is-config="true" signature="end()[pri:0, instance:TestYahoo.LoginTest@3a93b025]" started-at="2023-07-30T19:00:43 IST" name="end" finished-at="2023-07-30T19:00:44 IST" duration-ms="246" status="PASS">
          <reporter-output>
          </reporter-output>
        </test-method> <!-- end -->
        <test-method is-config="true" signature="setup()[pri:0, instance:TestYahoo.LoginTest@3a93b025]" started-at="2023-07-30T19:00:44 IST" name="setup" finished-at="2023-07-30T19:00:46 IST" duration-ms="2587" status="PASS">
          <reporter-output>
          </reporter-output>
        </test-method> <!-- setup -->
        <test-method signature="phoneNumber()[pri:0, instance:TestYahoo.LoginTest@3a93b025]" started-at="2023-07-30T19:00:46 IST" name="phoneNumber" finished-at="2023-07-30T19:00:50 IST" duration-ms="3308" status="PASS">
          <reporter-output>
          </reporter-output>
        </test-method> <!-- phoneNumber -->
        <test-method is-config="true" signature="end()[pri:0, instance:TestYahoo.LoginTest@3a93b025]" started-at="2023-07-30T19:00:50 IST" name="end" finished-at="2023-07-30T19:00:50 IST" duration-ms="290" status="PASS">
          <reporter-output>
          </reporter-output>
        </test-method> <!-- end -->
      </class> <!-- TestYahoo.LoginTest -->
    </test> <!-- Default test -->
  </suite> <!-- Default suite -->
</testng-results>
