<?xml version="1.0" encoding="UTF-8"?>
<!-- Generated by org.testng.reporters.JUnitXMLReporter -->
<testsuite ignored="0" hostname="LAPTOP-INVDEND0" failures="0" tests="4" name="Default test" time="25.112" errors="0" timestamp="2023-07-30T19:00:50 IST">
  <testcase classname="TestYahoo.LoginTest" name="SeCo" time="5.851"/>
  <testcase classname="TestYahoo.LoginTest" name="TandC" time="1.395"/>
  <testcase classname="TestYahoo.LoginTest" name="enterDetails" time="2.722"/>
  <testcase classname="TestYahoo.LoginTest" name="phoneNumber" time="3.308"/>
</testsuite> <!-- Default test -->
